Copyright 1986-2022 Xilinx, Inc. All Rights Reserved. Copyright 2022-2024 Advanced Micro Devices, Inc. All Rights Reserved.
---------------------------------------------------------------------------------------------------------------------------------------------------
| Tool Version : Vivado v.2024.1 (lin64) Build 5076996 Wed May 22 18:36:09 MDT 2024
| Date         : Wed Dec 11 11:16:15 2024
| Host         : Titan-I7 running 64-bit Ubuntu 22.04.5 LTS
| Command      : report_drc -file finn_design_wrapper_drc_routed.rpt -pb finn_design_wrapper_drc_routed.pb -rpx finn_design_wrapper_drc_routed.rpx
| Design       : finn_design_wrapper
| Device       : xczu7ev-ffvc1156-2-e
| Speed File   : -2
| Design State : Fully Routed
---------------------------------------------------------------------------------------------------------------------------------------------------

Report DRC

Table of Contents
-----------------
1. REPORT SUMMARY
2. REPORT DETAILS

1. REPORT SUMMARY
-----------------
            Netlist: netlist
          Floorplan: design_1
      Design limits: <entire design considered>
           Ruledeck: default
             Max violations: <unlimited>
             Violations found: 140
+--------+------------------+----------------------------+------------+
| Rule   | Severity         | Description                | Violations |
+--------+------------------+----------------------------+------------+
| NSTD-1 | Critical Warning | Unspecified I/O Standard   | 1          |
| UCIO-1 | Critical Warning | Unconstrained Logical Port | 1          |
| DPIP-2 | Warning          | Input pipelining           | 138        |
+--------+------------------+----------------------------+------------+

2. REPORT DETAILS
-----------------
NSTD-1#1 Critical Warning
Unspecified I/O Standard  
30 out of 30 logical ports use I/O standard (IOSTANDARD) value 'DEFAULT', instead of a user assigned specific value. This may cause I/O contention or incompatibility with the board power or connectivity affecting performance, signal integrity or in extreme cases cause damage to the device or the components to which it is connected. To correct this violation, specify all I/O standards. This design will fail to generate a bitstream unless all logical ports have a user specified I/O standard value defined. To allow bitstream creation with unspecified I/O standard values (not recommended), use this command: set_property SEVERITY {Warning} [get_drc_checks NSTD-1].  NOTE: When using the Vivado Runs infrastructure (e.g. launch_runs Tcl command), add this command to a .tcl file and add that file as a pre-hook for write_bitstream step for the implementation run. Problem ports: ap_clk, ap_rst_n, m_axis_0_tdata[7:0], m_axis_0_tready, m_axis_0_tvalid,
s_axis_0_tdata[15:0], s_axis_0_tready, s_axis_0_tvalid.
Related violations: <none>

UCIO-1#1 Critical Warning
Unconstrained Logical Port  
30 out of 30 logical ports have no user assigned specific location constraint (LOC). This may cause I/O contention or incompatibility with the board power or connectivity affecting performance, signal integrity or in extreme cases cause damage to the device or the components to which it is connected. To correct this violation, specify all pin locations. This design will fail to generate a bitstream unless all logical ports have a user specified site LOC constraint defined.  To allow bitstream creation with unspecified pin locations (not recommended), use this command: set_property SEVERITY {Warning} [get_drc_checks UCIO-1].  NOTE: When using the Vivado Runs infrastructure (e.g. launch_runs Tcl command), add this command to a .tcl file and add that file as a pre-hook for write_bitstream step for the implementation run.  Problem ports: ap_clk, ap_rst_n, m_axis_0_tdata[7:0], m_axis_0_tready, m_axis_0_tvalid,
s_axis_0_tdata[15:0], s_axis_0_tready, s_axis_0_tvalid.
Related violations: <none>

DPIP-2#1 Warning
Input pipelining  
DSP finn_design_i/MVAU_rtl_0/MVAU_rtl_0/inst/inst/blkDsp.genblk2_2.core/genPipes[0].genSIMD[0].genDSP.genblk1.dsp input finn_design_i/MVAU_rtl_0/MVAU_rtl_0/inst/inst/blkDsp.genblk2_2.core/genPipes[0].genSIMD[0].genDSP.genblk1.dsp/A[29:0] is not pipelined. Pipelining DSP48 input will improve performance.
Related violations: <none>

DPIP-2#2 Warning
Input pipelining  
DSP finn_design_i/MVAU_rtl_0/MVAU_rtl_0/inst/inst/blkDsp.genblk2_2.core/genPipes[0].genSIMD[1].genDSP.genblk1.dsp input finn_design_i/MVAU_rtl_0/MVAU_rtl_0/inst/inst/blkDsp.genblk2_2.core/genPipes[0].genSIMD[1].genDSP.genblk1.dsp/A[29:0] is not pipelined. Pipelining DSP48 input will improve performance.
Related violations: <none>

DPIP-2#3 Warning
Input pipelining  
DSP finn_design_i/MVAU_rtl_0/MVAU_rtl_0/inst/inst/blkDsp.genblk2_2.core/genPipes[0].genSIMD[2].genDSP.genblk1.dsp input finn_design_i/MVAU_rtl_0/MVAU_rtl_0/inst/inst/blkDsp.genblk2_2.core/genPipes[0].genSIMD[2].genDSP.genblk1.dsp/A[29:0] is not pipelined. Pipelining DSP48 input will improve performance.
Related violations: <none>

DPIP-2#4 Warning
Input pipelining  
DSP finn_design_i/MVAU_rtl_0/MVAU_rtl_0/inst/inst/blkDsp.genblk2_2.core/genPipes[0].genSIMD[3].genDSP.genblk1.dsp input finn_design_i/MVAU_rtl_0/MVAU_rtl_0/inst/inst/blkDsp.genblk2_2.core/genPipes[0].genSIMD[3].genDSP.genblk1.dsp/A[29:0] is not pipelined. Pipelining DSP48 input will improve performance.
Related violations: <none>

DPIP-2#5 Warning
Input pipelining  
DSP finn_design_i/MVAU_rtl_0/MVAU_rtl_0/inst/inst/blkDsp.genblk2_2.core/genPipes[0].genSIMD[4].genDSP.genblk1.dsp input finn_design_i/MVAU_rtl_0/MVAU_rtl_0/inst/inst/blkDsp.genblk2_2.core/genPipes[0].genSIMD[4].genDSP.genblk1.dsp/A[29:0] is not pipelined. Pipelining DSP48 input will improve performance.
Related violations: <none>

DPIP-2#6 Warning
Input pipelining  
DSP finn_design_i/MVAU_rtl_0/MVAU_rtl_0/inst/inst/blkDsp.genblk2_2.core/genPipes[0].genSIMD[5].genDSP.genblk1.dsp input finn_design_i/MVAU_rtl_0/MVAU_rtl_0/inst/inst/blkDsp.genblk2_2.core/genPipes[0].genSIMD[5].genDSP.genblk1.dsp/A[29:0] is not pipelined. Pipelining DSP48 input will improve performance.
Related violations: <none>

DPIP-2#7 Warning
Input pipelining  
DSP finn_design_i/MVAU_rtl_1/MVAU_rtl_1/inst/inst/blkDsp.genblk2_2.core/genPipes[0].genSIMD[0].genDSP.genblk1.dsp input finn_design_i/MVAU_rtl_1/MVAU_rtl_1/inst/inst/blkDsp.genblk2_2.core/genPipes[0].genSIMD[0].genDSP.genblk1.dsp/A[29:0] is not pipelined. Pipelining DSP48 input will improve performance.
Related violations: <none>

DPIP-2#8 Warning
Input pipelining  
DSP finn_design_i/MVAU_rtl_1/MVAU_rtl_1/inst/inst/blkDsp.genblk2_2.core/genPipes[0].genSIMD[1].genDSP.genblk1.dsp input finn_design_i/MVAU_rtl_1/MVAU_rtl_1/inst/inst/blkDsp.genblk2_2.core/genPipes[0].genSIMD[1].genDSP.genblk1.dsp/A[29:0] is not pipelined. Pipelining DSP48 input will improve performance.
Related violations: <none>

DPIP-2#9 Warning
Input pipelining  
DSP finn_design_i/MVAU_rtl_1/MVAU_rtl_1/inst/inst/blkDsp.genblk2_2.core/genPipes[0].genSIMD[2].genDSP.genblk1.dsp input finn_design_i/MVAU_rtl_1/MVAU_rtl_1/inst/inst/blkDsp.genblk2_2.core/genPipes[0].genSIMD[2].genDSP.genblk1.dsp/A[29:0] is not pipelined. Pipelining DSP48 input will improve performance.
Related violations: <none>

DPIP-2#10 Warning
Input pipelining  
DSP finn_design_i/MVAU_rtl_1/MVAU_rtl_1/inst/inst/blkDsp.genblk2_2.core/genPipes[0].genSIMD[3].genDSP.genblk1.dsp input finn_design_i/MVAU_rtl_1/MVAU_rtl_1/inst/inst/blkDsp.genblk2_2.core/genPipes[0].genSIMD[3].genDSP.genblk1.dsp/A[29:0] is not pipelined. Pipelining DSP48 input will improve performance.
Related violations: <none>

DPIP-2#11 Warning
Input pipelining  
DSP finn_design_i/MVAU_rtl_1/MVAU_rtl_1/inst/inst/blkDsp.genblk2_2.core/genPipes[10].genSIMD[0].genDSP.genblk1.dsp input finn_design_i/MVAU_rtl_1/MVAU_rtl_1/inst/inst/blkDsp.genblk2_2.core/genPipes[10].genSIMD[0].genDSP.genblk1.dsp/A[29:0] is not pipelined. Pipelining DSP48 input will improve performance.
Related violations: <none>

DPIP-2#12 Warning
Input pipelining  
DSP finn_design_i/MVAU_rtl_1/MVAU_rtl_1/inst/inst/blkDsp.genblk2_2.core/genPipes[10].genSIMD[1].genDSP.genblk1.dsp input finn_design_i/MVAU_rtl_1/MVAU_rtl_1/inst/inst/blkDsp.genblk2_2.core/genPipes[10].genSIMD[1].genDSP.genblk1.dsp/A[29:0] is not pipelined. Pipelining DSP48 input will improve performance.
Related violations: <none>

DPIP-2#13 Warning
Input pipelining  
DSP finn_design_i/MVAU_rtl_1/MVAU_rtl_1/inst/inst/blkDsp.genblk2_2.core/genPipes[10].genSIMD[2].genDSP.genblk1.dsp input finn_design_i/MVAU_rtl_1/MVAU_rtl_1/inst/inst/blkDsp.genblk2_2.core/genPipes[10].genSIMD[2].genDSP.genblk1.dsp/A[29:0] is not pipelined. Pipelining DSP48 input will improve performance.
Related violations: <none>

DPIP-2#14 Warning
Input pipelining  
DSP finn_design_i/MVAU_rtl_1/MVAU_rtl_1/inst/inst/blkDsp.genblk2_2.core/genPipes[10].genSIMD[3].genDSP.genblk1.dsp input finn_design_i/MVAU_rtl_1/MVAU_rtl_1/inst/inst/blkDsp.genblk2_2.core/genPipes[10].genSIMD[3].genDSP.genblk1.dsp/A[29:0] is not pipelined. Pipelining DSP48 input will improve performance.
Related violations: <none>

DPIP-2#15 Warning
Input pipelining  
DSP finn_design_i/MVAU_rtl_1/MVAU_rtl_1/inst/inst/blkDsp.genblk2_2.core/genPipes[11].genSIMD[0].genDSP.genblk1.dsp input finn_design_i/MVAU_rtl_1/MVAU_rtl_1/inst/inst/blkDsp.genblk2_2.core/genPipes[11].genSIMD[0].genDSP.genblk1.dsp/A[29:0] is not pipelined. Pipelining DSP48 input will improve performance.
Related violations: <none>

DPIP-2#16 Warning
Input pipelining  
DSP finn_design_i/MVAU_rtl_1/MVAU_rtl_1/inst/inst/blkDsp.genblk2_2.core/genPipes[11].genSIMD[1].genDSP.genblk1.dsp input finn_design_i/MVAU_rtl_1/MVAU_rtl_1/inst/inst/blkDsp.genblk2_2.core/genPipes[11].genSIMD[1].genDSP.genblk1.dsp/A[29:0] is not pipelined. Pipelining DSP48 input will improve performance.
Related violations: <none>

DPIP-2#17 Warning
Input pipelining  
DSP finn_design_i/MVAU_rtl_1/MVAU_rtl_1/inst/inst/blkDsp.genblk2_2.core/genPipes[11].genSIMD[2].genDSP.genblk1.dsp input finn_design_i/MVAU_rtl_1/MVAU_rtl_1/inst/inst/blkDsp.genblk2_2.core/genPipes[11].genSIMD[2].genDSP.genblk1.dsp/A[29:0] is not pipelined. Pipelining DSP48 input will improve performance.
Related violations: <none>

DPIP-2#18 Warning
Input pipelining  
DSP finn_design_i/MVAU_rtl_1/MVAU_rtl_1/inst/inst/blkDsp.genblk2_2.core/genPipes[11].genSIMD[3].genDSP.genblk1.dsp input finn_design_i/MVAU_rtl_1/MVAU_rtl_1/inst/inst/blkDsp.genblk2_2.core/genPipes[11].genSIMD[3].genDSP.genblk1.dsp/A[29:0] is not pipelined. Pipelining DSP48 input will improve performance.
Related violations: <none>

DPIP-2#19 Warning
Input pipelining  
DSP finn_design_i/MVAU_rtl_1/MVAU_rtl_1/inst/inst/blkDsp.genblk2_2.core/genPipes[12].genSIMD[0].genDSP.genblk1.dsp input finn_design_i/MVAU_rtl_1/MVAU_rtl_1/inst/inst/blkDsp.genblk2_2.core/genPipes[12].genSIMD[0].genDSP.genblk1.dsp/A[29:0] is not pipelined. Pipelining DSP48 input will improve performance.
Related violations: <none>

DPIP-2#20 Warning
Input pipelining  
DSP finn_design_i/MVAU_rtl_1/MVAU_rtl_1/inst/inst/blkDsp.genblk2_2.core/genPipes[12].genSIMD[1].genDSP.genblk1.dsp input finn_design_i/MVAU_rtl_1/MVAU_rtl_1/inst/inst/blkDsp.genblk2_2.core/genPipes[12].genSIMD[1].genDSP.genblk1.dsp/A[29:0] is not pipelined. Pipelining DSP48 input will improve performance.
Related violations: <none>

DPIP-2#21 Warning
Input pipelining  
DSP finn_design_i/MVAU_rtl_1/MVAU_rtl_1/inst/inst/blkDsp.genblk2_2.core/genPipes[12].genSIMD[2].genDSP.genblk1.dsp input finn_design_i/MVAU_rtl_1/MVAU_rtl_1/inst/inst/blkDsp.genblk2_2.core/genPipes[12].genSIMD[2].genDSP.genblk1.dsp/A[29:0] is not pipelined. Pipelining DSP48 input will improve performance.
Related violations: <none>

DPIP-2#22 Warning
Input pipelining  
DSP finn_design_i/MVAU_rtl_1/MVAU_rtl_1/inst/inst/blkDsp.genblk2_2.core/genPipes[12].genSIMD[3].genDSP.genblk1.dsp input finn_design_i/MVAU_rtl_1/MVAU_rtl_1/inst/inst/blkDsp.genblk2_2.core/genPipes[12].genSIMD[3].genDSP.genblk1.dsp/A[29:0] is not pipelined. Pipelining DSP48 input will improve performance.
Related violations: <none>

DPIP-2#23 Warning
Input pipelining  
DSP finn_design_i/MVAU_rtl_1/MVAU_rtl_1/inst/inst/blkDsp.genblk2_2.core/genPipes[13].genSIMD[0].genDSP.genblk1.dsp input finn_design_i/MVAU_rtl_1/MVAU_rtl_1/inst/inst/blkDsp.genblk2_2.core/genPipes[13].genSIMD[0].genDSP.genblk1.dsp/A[29:0] is not pipelined. Pipelining DSP48 input will improve performance.
Related violations: <none>

DPIP-2#24 Warning
Input pipelining  
DSP finn_design_i/MVAU_rtl_1/MVAU_rtl_1/inst/inst/blkDsp.genblk2_2.core/genPipes[13].genSIMD[1].genDSP.genblk1.dsp input finn_design_i/MVAU_rtl_1/MVAU_rtl_1/inst/inst/blkDsp.genblk2_2.core/genPipes[13].genSIMD[1].genDSP.genblk1.dsp/A[29:0] is not pipelined. Pipelining DSP48 input will improve performance.
Related violations: <none>

DPIP-2#25 Warning
Input pipelining  
DSP finn_design_i/MVAU_rtl_1/MVAU_rtl_1/inst/inst/blkDsp.genblk2_2.core/genPipes[13].genSIMD[2].genDSP.genblk1.dsp input finn_design_i/MVAU_rtl_1/MVAU_rtl_1/inst/inst/blkDsp.genblk2_2.core/genPipes[13].genSIMD[2].genDSP.genblk1.dsp/A[29:0] is not pipelined. Pipelining DSP48 input will improve performance.
Related violations: <none>

DPIP-2#26 Warning
Input pipelining  
DSP finn_design_i/MVAU_rtl_1/MVAU_rtl_1/inst/inst/blkDsp.genblk2_2.core/genPipes[13].genSIMD[3].genDSP.genblk1.dsp input finn_design_i/MVAU_rtl_1/MVAU_rtl_1/inst/inst/blkDsp.genblk2_2.core/genPipes[13].genSIMD[3].genDSP.genblk1.dsp/A[29:0] is not pipelined. Pipelining DSP48 input will improve performance.
Related violations: <none>

DPIP-2#27 Warning
Input pipelining  
DSP finn_design_i/MVAU_rtl_1/MVAU_rtl_1/inst/inst/blkDsp.genblk2_2.core/genPipes[14].genSIMD[0].genDSP.genblk1.dsp input finn_design_i/MVAU_rtl_1/MVAU_rtl_1/inst/inst/blkDsp.genblk2_2.core/genPipes[14].genSIMD[0].genDSP.genblk1.dsp/A[29:0] is not pipelined. Pipelining DSP48 input will improve performance.
Related violations: <none>

DPIP-2#28 Warning
Input pipelining  
DSP finn_design_i/MVAU_rtl_1/MVAU_rtl_1/inst/inst/blkDsp.genblk2_2.core/genPipes[14].genSIMD[1].genDSP.genblk1.dsp input finn_design_i/MVAU_rtl_1/MVAU_rtl_1/inst/inst/blkDsp.genblk2_2.core/genPipes[14].genSIMD[1].genDSP.genblk1.dsp/A[29:0] is not pipelined. Pipelining DSP48 input will improve performance.
Related violations: <none>

DPIP-2#29 Warning
Input pipelining  
DSP finn_design_i/MVAU_rtl_1/MVAU_rtl_1/inst/inst/blkDsp.genblk2_2.core/genPipes[14].genSIMD[2].genDSP.genblk1.dsp input finn_design_i/MVAU_rtl_1/MVAU_rtl_1/inst/inst/blkDsp.genblk2_2.core/genPipes[14].genSIMD[2].genDSP.genblk1.dsp/A[29:0] is not pipelined. Pipelining DSP48 input will improve performance.
Related violations: <none>

DPIP-2#30 Warning
Input pipelining  
DSP finn_design_i/MVAU_rtl_1/MVAU_rtl_1/inst/inst/blkDsp.genblk2_2.core/genPipes[14].genSIMD[3].genDSP.genblk1.dsp input finn_design_i/MVAU_rtl_1/MVAU_rtl_1/inst/inst/blkDsp.genblk2_2.core/genPipes[14].genSIMD[3].genDSP.genblk1.dsp/A[29:0] is not pipelined. Pipelining DSP48 input will improve performance.
Related violations: <none>

DPIP-2#31 Warning
Input pipelining  
DSP finn_design_i/MVAU_rtl_1/MVAU_rtl_1/inst/inst/blkDsp.genblk2_2.core/genPipes[15].genSIMD[0].genDSP.genblk1.dsp input finn_design_i/MVAU_rtl_1/MVAU_rtl_1/inst/inst/blkDsp.genblk2_2.core/genPipes[15].genSIMD[0].genDSP.genblk1.dsp/A[29:0] is not pipelined. Pipelining DSP48 input will improve performance.
Related violations: <none>

DPIP-2#32 Warning
Input pipelining  
DSP finn_design_i/MVAU_rtl_1/MVAU_rtl_1/inst/inst/blkDsp.genblk2_2.core/genPipes[15].genSIMD[1].genDSP.genblk1.dsp input finn_design_i/MVAU_rtl_1/MVAU_rtl_1/inst/inst/blkDsp.genblk2_2.core/genPipes[15].genSIMD[1].genDSP.genblk1.dsp/A[29:0] is not pipelined. Pipelining DSP48 input will improve performance.
Related violations: <none>

DPIP-2#33 Warning
Input pipelining  
DSP finn_design_i/MVAU_rtl_1/MVAU_rtl_1/inst/inst/blkDsp.genblk2_2.core/genPipes[15].genSIMD[2].genDSP.genblk1.dsp input finn_design_i/MVAU_rtl_1/MVAU_rtl_1/inst/inst/blkDsp.genblk2_2.core/genPipes[15].genSIMD[2].genDSP.genblk1.dsp/A[29:0] is not pipelined. Pipelining DSP48 input will improve performance.
Related violations: <none>

DPIP-2#34 Warning
Input pipelining  
DSP finn_design_i/MVAU_rtl_1/MVAU_rtl_1/inst/inst/blkDsp.genblk2_2.core/genPipes[15].genSIMD[3].genDSP.genblk1.dsp input finn_design_i/MVAU_rtl_1/MVAU_rtl_1/inst/inst/blkDsp.genblk2_2.core/genPipes[15].genSIMD[3].genDSP.genblk1.dsp/A[29:0] is not pipelined. Pipelining DSP48 input will improve performance.
Related violations: <none>

DPIP-2#35 Warning
Input pipelining  
DSP finn_design_i/MVAU_rtl_1/MVAU_rtl_1/inst/inst/blkDsp.genblk2_2.core/genPipes[1].genSIMD[0].genDSP.genblk1.dsp input finn_design_i/MVAU_rtl_1/MVAU_rtl_1/inst/inst/blkDsp.genblk2_2.core/genPipes[1].genSIMD[0].genDSP.genblk1.dsp/A[29:0] is not pipelined. Pipelining DSP48 input will improve performance.
Related violations: <none>

DPIP-2#36 Warning
Input pipelining  
DSP finn_design_i/MVAU_rtl_1/MVAU_rtl_1/inst/inst/blkDsp.genblk2_2.core/genPipes[1].genSIMD[1].genDSP.genblk1.dsp input finn_design_i/MVAU_rtl_1/MVAU_rtl_1/inst/inst/blkDsp.genblk2_2.core/genPipes[1].genSIMD[1].genDSP.genblk1.dsp/A[29:0] is not pipelined. Pipelining DSP48 input will improve performance.
Related violations: <none>

DPIP-2#37 Warning
Input pipelining  
DSP finn_design_i/MVAU_rtl_1/MVAU_rtl_1/inst/inst/blkDsp.genblk2_2.core/genPipes[1].genSIMD[2].genDSP.genblk1.dsp input finn_design_i/MVAU_rtl_1/MVAU_rtl_1/inst/inst/blkDsp.genblk2_2.core/genPipes[1].genSIMD[2].genDSP.genblk1.dsp/A[29:0] is not pipelined. Pipelining DSP48 input will improve performance.
Related violations: <none>

DPIP-2#38 Warning
Input pipelining  
DSP finn_design_i/MVAU_rtl_1/MVAU_rtl_1/inst/inst/blkDsp.genblk2_2.core/genPipes[1].genSIMD[3].genDSP.genblk1.dsp input finn_design_i/MVAU_rtl_1/MVAU_rtl_1/inst/inst/blkDsp.genblk2_2.core/genPipes[1].genSIMD[3].genDSP.genblk1.dsp/A[29:0] is not pipelined. Pipelining DSP48 input will improve performance.
Related violations: <none>

DPIP-2#39 Warning
Input pipelining  
DSP finn_design_i/MVAU_rtl_1/MVAU_rtl_1/inst/inst/blkDsp.genblk2_2.core/genPipes[2].genSIMD[0].genDSP.genblk1.dsp input finn_design_i/MVAU_rtl_1/MVAU_rtl_1/inst/inst/blkDsp.genblk2_2.core/genPipes[2].genSIMD[0].genDSP.genblk1.dsp/A[29:0] is not pipelined. Pipelining DSP48 input will improve performance.
Related violations: <none>

DPIP-2#40 Warning
Input pipelining  
DSP finn_design_i/MVAU_rtl_1/MVAU_rtl_1/inst/inst/blkDsp.genblk2_2.core/genPipes[2].genSIMD[1].genDSP.genblk1.dsp input finn_design_i/MVAU_rtl_1/MVAU_rtl_1/inst/inst/blkDsp.genblk2_2.core/genPipes[2].genSIMD[1].genDSP.genblk1.dsp/A[29:0] is not pipelined. Pipelining DSP48 input will improve performance.
Related violations: <none>

DPIP-2#41 Warning
Input pipelining  
DSP finn_design_i/MVAU_rtl_1/MVAU_rtl_1/inst/inst/blkDsp.genblk2_2.core/genPipes[2].genSIMD[2].genDSP.genblk1.dsp input finn_design_i/MVAU_rtl_1/MVAU_rtl_1/inst/inst/blkDsp.genblk2_2.core/genPipes[2].genSIMD[2].genDSP.genblk1.dsp/A[29:0] is not pipelined. Pipelining DSP48 input will improve performance.
Related violations: <none>

DPIP-2#42 Warning
Input pipelining  
DSP finn_design_i/MVAU_rtl_1/MVAU_rtl_1/inst/inst/blkDsp.genblk2_2.core/genPipes[2].genSIMD[3].genDSP.genblk1.dsp input finn_design_i/MVAU_rtl_1/MVAU_rtl_1/inst/inst/blkDsp.genblk2_2.core/genPipes[2].genSIMD[3].genDSP.genblk1.dsp/A[29:0] is not pipelined. Pipelining DSP48 input will improve performance.
Related violations: <none>

DPIP-2#43 Warning
Input pipelining  
DSP finn_design_i/MVAU_rtl_1/MVAU_rtl_1/inst/inst/blkDsp.genblk2_2.core/genPipes[3].genSIMD[0].genDSP.genblk1.dsp input finn_design_i/MVAU_rtl_1/MVAU_rtl_1/inst/inst/blkDsp.genblk2_2.core/genPipes[3].genSIMD[0].genDSP.genblk1.dsp/A[29:0] is not pipelined. Pipelining DSP48 input will improve performance.
Related violations: <none>

DPIP-2#44 Warning
Input pipelining  
DSP finn_design_i/MVAU_rtl_1/MVAU_rtl_1/inst/inst/blkDsp.genblk2_2.core/genPipes[3].genSIMD[1].genDSP.genblk1.dsp input finn_design_i/MVAU_rtl_1/MVAU_rtl_1/inst/inst/blkDsp.genblk2_2.core/genPipes[3].genSIMD[1].genDSP.genblk1.dsp/A[29:0] is not pipelined. Pipelining DSP48 input will improve performance.
Related violations: <none>

DPIP-2#45 Warning
Input pipelining  
DSP finn_design_i/MVAU_rtl_1/MVAU_rtl_1/inst/inst/blkDsp.genblk2_2.core/genPipes[3].genSIMD[2].genDSP.genblk1.dsp input finn_design_i/MVAU_rtl_1/MVAU_rtl_1/inst/inst/blkDsp.genblk2_2.core/genPipes[3].genSIMD[2].genDSP.genblk1.dsp/A[29:0] is not pipelined. Pipelining DSP48 input will improve performance.
Related violations: <none>

DPIP-2#46 Warning
Input pipelining  
DSP finn_design_i/MVAU_rtl_1/MVAU_rtl_1/inst/inst/blkDsp.genblk2_2.core/genPipes[3].genSIMD[3].genDSP.genblk1.dsp input finn_design_i/MVAU_rtl_1/MVAU_rtl_1/inst/inst/blkDsp.genblk2_2.core/genPipes[3].genSIMD[3].genDSP.genblk1.dsp/A[29:0] is not pipelined. Pipelining DSP48 input will improve performance.
Related violations: <none>

DPIP-2#47 Warning
Input pipelining  
DSP finn_design_i/MVAU_rtl_1/MVAU_rtl_1/inst/inst/blkDsp.genblk2_2.core/genPipes[4].genSIMD[0].genDSP.genblk1.dsp input finn_design_i/MVAU_rtl_1/MVAU_rtl_1/inst/inst/blkDsp.genblk2_2.core/genPipes[4].genSIMD[0].genDSP.genblk1.dsp/A[29:0] is not pipelined. Pipelining DSP48 input will improve performance.
Related violations: <none>

DPIP-2#48 Warning
Input pipelining  
DSP finn_design_i/MVAU_rtl_1/MVAU_rtl_1/inst/inst/blkDsp.genblk2_2.core/genPipes[4].genSIMD[1].genDSP.genblk1.dsp input finn_design_i/MVAU_rtl_1/MVAU_rtl_1/inst/inst/blkDsp.genblk2_2.core/genPipes[4].genSIMD[1].genDSP.genblk1.dsp/A[29:0] is not pipelined. Pipelining DSP48 input will improve performance.
Related violations: <none>

DPIP-2#49 Warning
Input pipelining  
DSP finn_design_i/MVAU_rtl_1/MVAU_rtl_1/inst/inst/blkDsp.genblk2_2.core/genPipes[4].genSIMD[2].genDSP.genblk1.dsp input finn_design_i/MVAU_rtl_1/MVAU_rtl_1/inst/inst/blkDsp.genblk2_2.core/genPipes[4].genSIMD[2].genDSP.genblk1.dsp/A[29:0] is not pipelined. Pipelining DSP48 input will improve performance.
Related violations: <none>

DPIP-2#50 Warning
Input pipelining  
DSP finn_design_i/MVAU_rtl_1/MVAU_rtl_1/inst/inst/blkDsp.genblk2_2.core/genPipes[4].genSIMD[3].genDSP.genblk1.dsp input finn_design_i/MVAU_rtl_1/MVAU_rtl_1/inst/inst/blkDsp.genblk2_2.core/genPipes[4].genSIMD[3].genDSP.genblk1.dsp/A[29:0] is not pipelined. Pipelining DSP48 input will improve performance.
Related violations: <none>

DPIP-2#51 Warning
Input pipelining  
DSP finn_design_i/MVAU_rtl_1/MVAU_rtl_1/inst/inst/blkDsp.genblk2_2.core/genPipes[5].genSIMD[0].genDSP.genblk1.dsp input finn_design_i/MVAU_rtl_1/MVAU_rtl_1/inst/inst/blkDsp.genblk2_2.core/genPipes[5].genSIMD[0].genDSP.genblk1.dsp/A[29:0] is not pipelined. Pipelining DSP48 input will improve performance.
Related violations: <none>

DPIP-2#52 Warning
Input pipelining  
DSP finn_design_i/MVAU_rtl_1/MVAU_rtl_1/inst/inst/blkDsp.genblk2_2.core/genPipes[5].genSIMD[1].genDSP.genblk1.dsp input finn_design_i/MVAU_rtl_1/MVAU_rtl_1/inst/inst/blkDsp.genblk2_2.core/genPipes[5].genSIMD[1].genDSP.genblk1.dsp/A[29:0] is not pipelined. Pipelining DSP48 input will improve performance.
Related violations: <none>

DPIP-2#53 Warning
Input pipelining  
DSP finn_design_i/MVAU_rtl_1/MVAU_rtl_1/inst/inst/blkDsp.genblk2_2.core/genPipes[5].genSIMD[2].genDSP.genblk1.dsp input finn_design_i/MVAU_rtl_1/MVAU_rtl_1/inst/inst/blkDsp.genblk2_2.core/genPipes[5].genSIMD[2].genDSP.genblk1.dsp/A[29:0] is not pipelined. Pipelining DSP48 input will improve performance.
Related violations: <none>

DPIP-2#54 Warning
Input pipelining  
DSP finn_design_i/MVAU_rtl_1/MVAU_rtl_1/inst/inst/blkDsp.genblk2_2.core/genPipes[5].genSIMD[3].genDSP.genblk1.dsp input finn_design_i/MVAU_rtl_1/MVAU_rtl_1/inst/inst/blkDsp.genblk2_2.core/genPipes[5].genSIMD[3].genDSP.genblk1.dsp/A[29:0] is not pipelined. Pipelining DSP48 input will improve performance.
Related violations: <none>

DPIP-2#55 Warning
Input pipelining  
DSP finn_design_i/MVAU_rtl_1/MVAU_rtl_1/inst/inst/blkDsp.genblk2_2.core/genPipes[6].genSIMD[0].genDSP.genblk1.dsp input finn_design_i/MVAU_rtl_1/MVAU_rtl_1/inst/inst/blkDsp.genblk2_2.core/genPipes[6].genSIMD[0].genDSP.genblk1.dsp/A[29:0] is not pipelined. Pipelining DSP48 input will improve performance.
Related violations: <none>

DPIP-2#56 Warning
Input pipelining  
DSP finn_design_i/MVAU_rtl_1/MVAU_rtl_1/inst/inst/blkDsp.genblk2_2.core/genPipes[6].genSIMD[1].genDSP.genblk1.dsp input finn_design_i/MVAU_rtl_1/MVAU_rtl_1/inst/inst/blkDsp.genblk2_2.core/genPipes[6].genSIMD[1].genDSP.genblk1.dsp/A[29:0] is not pipelined. Pipelining DSP48 input will improve performance.
Related violations: <none>

DPIP-2#57 Warning
Input pipelining  
DSP finn_design_i/MVAU_rtl_1/MVAU_rtl_1/inst/inst/blkDsp.genblk2_2.core/genPipes[6].genSIMD[2].genDSP.genblk1.dsp input finn_design_i/MVAU_rtl_1/MVAU_rtl_1/inst/inst/blkDsp.genblk2_2.core/genPipes[6].genSIMD[2].genDSP.genblk1.dsp/A[29:0] is not pipelined. Pipelining DSP48 input will improve performance.
Related violations: <none>

DPIP-2#58 Warning
Input pipelining  
DSP finn_design_i/MVAU_rtl_1/MVAU_rtl_1/inst/inst/blkDsp.genblk2_2.core/genPipes[6].genSIMD[3].genDSP.genblk1.dsp input finn_design_i/MVAU_rtl_1/MVAU_rtl_1/inst/inst/blkDsp.genblk2_2.core/genPipes[6].genSIMD[3].genDSP.genblk1.dsp/A[29:0] is not pipelined. Pipelining DSP48 input will improve performance.
Related violations: <none>

DPIP-2#59 Warning
Input pipelining  
DSP finn_design_i/MVAU_rtl_1/MVAU_rtl_1/inst/inst/blkDsp.genblk2_2.core/genPipes[7].genSIMD[0].genDSP.genblk1.dsp input finn_design_i/MVAU_rtl_1/MVAU_rtl_1/inst/inst/blkDsp.genblk2_2.core/genPipes[7].genSIMD[0].genDSP.genblk1.dsp/A[29:0] is not pipelined. Pipelining DSP48 input will improve performance.
Related violations: <none>

DPIP-2#60 Warning
Input pipelining  
DSP finn_design_i/MVAU_rtl_1/MVAU_rtl_1/inst/inst/blkDsp.genblk2_2.core/genPipes[7].genSIMD[1].genDSP.genblk1.dsp input finn_design_i/MVAU_rtl_1/MVAU_rtl_1/inst/inst/blkDsp.genblk2_2.core/genPipes[7].genSIMD[1].genDSP.genblk1.dsp/A[29:0] is not pipelined. Pipelining DSP48 input will improve performance.
Related violations: <none>

DPIP-2#61 Warning
Input pipelining  
DSP finn_design_i/MVAU_rtl_1/MVAU_rtl_1/inst/inst/blkDsp.genblk2_2.core/genPipes[7].genSIMD[2].genDSP.genblk1.dsp input finn_design_i/MVAU_rtl_1/MVAU_rtl_1/inst/inst/blkDsp.genblk2_2.core/genPipes[7].genSIMD[2].genDSP.genblk1.dsp/A[29:0] is not pipelined. Pipelining DSP48 input will improve performance.
Related violations: <none>

DPIP-2#62 Warning
Input pipelining  
DSP finn_design_i/MVAU_rtl_1/MVAU_rtl_1/inst/inst/blkDsp.genblk2_2.core/genPipes[7].genSIMD[3].genDSP.genblk1.dsp input finn_design_i/MVAU_rtl_1/MVAU_rtl_1/inst/inst/blkDsp.genblk2_2.core/genPipes[7].genSIMD[3].genDSP.genblk1.dsp/A[29:0] is not pipelined. Pipelining DSP48 input will improve performance.
Related violations: <none>

DPIP-2#63 Warning
Input pipelining  
DSP finn_design_i/MVAU_rtl_1/MVAU_rtl_1/inst/inst/blkDsp.genblk2_2.core/genPipes[8].genSIMD[0].genDSP.genblk1.dsp input finn_design_i/MVAU_rtl_1/MVAU_rtl_1/inst/inst/blkDsp.genblk2_2.core/genPipes[8].genSIMD[0].genDSP.genblk1.dsp/A[29:0] is not pipelined. Pipelining DSP48 input will improve performance.
Related violations: <none>

DPIP-2#64 Warning
Input pipelining  
DSP finn_design_i/MVAU_rtl_1/MVAU_rtl_1/inst/inst/blkDsp.genblk2_2.core/genPipes[8].genSIMD[1].genDSP.genblk1.dsp input finn_design_i/MVAU_rtl_1/MVAU_rtl_1/inst/inst/blkDsp.genblk2_2.core/genPipes[8].genSIMD[1].genDSP.genblk1.dsp/A[29:0] is not pipelined. Pipelining DSP48 input will improve performance.
Related violations: <none>

DPIP-2#65 Warning
Input pipelining  
DSP finn_design_i/MVAU_rtl_1/MVAU_rtl_1/inst/inst/blkDsp.genblk2_2.core/genPipes[8].genSIMD[2].genDSP.genblk1.dsp input finn_design_i/MVAU_rtl_1/MVAU_rtl_1/inst/inst/blkDsp.genblk2_2.core/genPipes[8].genSIMD[2].genDSP.genblk1.dsp/A[29:0] is not pipelined. Pipelining DSP48 input will improve performance.
Related violations: <none>

DPIP-2#66 Warning
Input pipelining  
DSP finn_design_i/MVAU_rtl_1/MVAU_rtl_1/inst/inst/blkDsp.genblk2_2.core/genPipes[8].genSIMD[3].genDSP.genblk1.dsp input finn_design_i/MVAU_rtl_1/MVAU_rtl_1/inst/inst/blkDsp.genblk2_2.core/genPipes[8].genSIMD[3].genDSP.genblk1.dsp/A[29:0] is not pipelined. Pipelining DSP48 input will improve performance.
Related violations: <none>

DPIP-2#67 Warning
Input pipelining  
DSP finn_design_i/MVAU_rtl_1/MVAU_rtl_1/inst/inst/blkDsp.genblk2_2.core/genPipes[9].genSIMD[0].genDSP.genblk1.dsp input finn_design_i/MVAU_rtl_1/MVAU_rtl_1/inst/inst/blkDsp.genblk2_2.core/genPipes[9].genSIMD[0].genDSP.genblk1.dsp/A[29:0] is not pipelined. Pipelining DSP48 input will improve performance.
Related violations: <none>

DPIP-2#68 Warning
Input pipelining  
DSP finn_design_i/MVAU_rtl_1/MVAU_rtl_1/inst/inst/blkDsp.genblk2_2.core/genPipes[9].genSIMD[1].genDSP.genblk1.dsp input finn_design_i/MVAU_rtl_1/MVAU_rtl_1/inst/inst/blkDsp.genblk2_2.core/genPipes[9].genSIMD[1].genDSP.genblk1.dsp/A[29:0] is not pipelined. Pipelining DSP48 input will improve performance.
Related violations: <none>

DPIP-2#69 Warning
Input pipelining  
DSP finn_design_i/MVAU_rtl_1/MVAU_rtl_1/inst/inst/blkDsp.genblk2_2.core/genPipes[9].genSIMD[2].genDSP.genblk1.dsp input finn_design_i/MVAU_rtl_1/MVAU_rtl_1/inst/inst/blkDsp.genblk2_2.core/genPipes[9].genSIMD[2].genDSP.genblk1.dsp/A[29:0] is not pipelined. Pipelining DSP48 input will improve performance.
Related violations: <none>

DPIP-2#70 Warning
Input pipelining  
DSP finn_design_i/MVAU_rtl_1/MVAU_rtl_1/inst/inst/blkDsp.genblk2_2.core/genPipes[9].genSIMD[3].genDSP.genblk1.dsp input finn_design_i/MVAU_rtl_1/MVAU_rtl_1/inst/inst/blkDsp.genblk2_2.core/genPipes[9].genSIMD[3].genDSP.genblk1.dsp/A[29:0] is not pipelined. Pipelining DSP48 input will improve performance.
Related violations: <none>

DPIP-2#71 Warning
Input pipelining  
DSP finn_design_i/MVAU_rtl_2/MVAU_rtl_2/inst/inst/blkDsp.genblk2_2.core/genPipes[0].genSIMD[0].genDSP.genblk1.dsp input finn_design_i/MVAU_rtl_2/MVAU_rtl_2/inst/inst/blkDsp.genblk2_2.core/genPipes[0].genSIMD[0].genDSP.genblk1.dsp/A[29:0] is not pipelined. Pipelining DSP48 input will improve performance.
Related violations: <none>

DPIP-2#72 Warning
Input pipelining  
DSP finn_design_i/MVAU_rtl_2/MVAU_rtl_2/inst/inst/blkDsp.genblk2_2.core/genPipes[0].genSIMD[1].genDSP.genblk1.dsp input finn_design_i/MVAU_rtl_2/MVAU_rtl_2/inst/inst/blkDsp.genblk2_2.core/genPipes[0].genSIMD[1].genDSP.genblk1.dsp/A[29:0] is not pipelined. Pipelining DSP48 input will improve performance.
Related violations: <none>

DPIP-2#73 Warning
Input pipelining  
DSP finn_design_i/MVAU_rtl_2/MVAU_rtl_2/inst/inst/blkDsp.genblk2_2.core/genPipes[0].genSIMD[2].genDSP.genblk1.dsp input finn_design_i/MVAU_rtl_2/MVAU_rtl_2/inst/inst/blkDsp.genblk2_2.core/genPipes[0].genSIMD[2].genDSP.genblk1.dsp/A[29:0] is not pipelined. Pipelining DSP48 input will improve performance.
Related violations: <none>

DPIP-2#74 Warning
Input pipelining  
DSP finn_design_i/MVAU_rtl_2/MVAU_rtl_2/inst/inst/blkDsp.genblk2_2.core/genPipes[0].genSIMD[3].genDSP.genblk1.dsp input finn_design_i/MVAU_rtl_2/MVAU_rtl_2/inst/inst/blkDsp.genblk2_2.core/genPipes[0].genSIMD[3].genDSP.genblk1.dsp/A[29:0] is not pipelined. Pipelining DSP48 input will improve performance.
Related violations: <none>

DPIP-2#75 Warning
Input pipelining  
DSP finn_design_i/MVAU_rtl_2/MVAU_rtl_2/inst/inst/blkDsp.genblk2_2.core/genPipes[1].genSIMD[0].genDSP.genblk1.dsp input finn_design_i/MVAU_rtl_2/MVAU_rtl_2/inst/inst/blkDsp.genblk2_2.core/genPipes[1].genSIMD[0].genDSP.genblk1.dsp/A[29:0] is not pipelined. Pipelining DSP48 input will improve performance.
Related violations: <none>

DPIP-2#76 Warning
Input pipelining  
DSP finn_design_i/MVAU_rtl_2/MVAU_rtl_2/inst/inst/blkDsp.genblk2_2.core/genPipes[1].genSIMD[1].genDSP.genblk1.dsp input finn_design_i/MVAU_rtl_2/MVAU_rtl_2/inst/inst/blkDsp.genblk2_2.core/genPipes[1].genSIMD[1].genDSP.genblk1.dsp/A[29:0] is not pipelined. Pipelining DSP48 input will improve performance.
Related violations: <none>

DPIP-2#77 Warning
Input pipelining  
DSP finn_design_i/MVAU_rtl_2/MVAU_rtl_2/inst/inst/blkDsp.genblk2_2.core/genPipes[1].genSIMD[2].genDSP.genblk1.dsp input finn_design_i/MVAU_rtl_2/MVAU_rtl_2/inst/inst/blkDsp.genblk2_2.core/genPipes[1].genSIMD[2].genDSP.genblk1.dsp/A[29:0] is not pipelined. Pipelining DSP48 input will improve performance.
Related violations: <none>

DPIP-2#78 Warning
Input pipelining  
DSP finn_design_i/MVAU_rtl_2/MVAU_rtl_2/inst/inst/blkDsp.genblk2_2.core/genPipes[1].genSIMD[3].genDSP.genblk1.dsp input finn_design_i/MVAU_rtl_2/MVAU_rtl_2/inst/inst/blkDsp.genblk2_2.core/genPipes[1].genSIMD[3].genDSP.genblk1.dsp/A[29:0] is not pipelined. Pipelining DSP48 input will improve performance.
Related violations: <none>

DPIP-2#79 Warning
Input pipelining  
DSP finn_design_i/MVAU_rtl_2/MVAU_rtl_2/inst/inst/blkDsp.genblk2_2.core/genPipes[2].genSIMD[0].genDSP.genblk1.dsp input finn_design_i/MVAU_rtl_2/MVAU_rtl_2/inst/inst/blkDsp.genblk2_2.core/genPipes[2].genSIMD[0].genDSP.genblk1.dsp/A[29:0] is not pipelined. Pipelining DSP48 input will improve performance.
Related violations: <none>

DPIP-2#80 Warning
Input pipelining  
DSP finn_design_i/MVAU_rtl_2/MVAU_rtl_2/inst/inst/blkDsp.genblk2_2.core/genPipes[2].genSIMD[1].genDSP.genblk1.dsp input finn_design_i/MVAU_rtl_2/MVAU_rtl_2/inst/inst/blkDsp.genblk2_2.core/genPipes[2].genSIMD[1].genDSP.genblk1.dsp/A[29:0] is not pipelined. Pipelining DSP48 input will improve performance.
Related violations: <none>

DPIP-2#81 Warning
Input pipelining  
DSP finn_design_i/MVAU_rtl_2/MVAU_rtl_2/inst/inst/blkDsp.genblk2_2.core/genPipes[2].genSIMD[2].genDSP.genblk1.dsp input finn_design_i/MVAU_rtl_2/MVAU_rtl_2/inst/inst/blkDsp.genblk2_2.core/genPipes[2].genSIMD[2].genDSP.genblk1.dsp/A[29:0] is not pipelined. Pipelining DSP48 input will improve performance.
Related violations: <none>

DPIP-2#82 Warning
Input pipelining  
DSP finn_design_i/MVAU_rtl_2/MVAU_rtl_2/inst/inst/blkDsp.genblk2_2.core/genPipes[2].genSIMD[3].genDSP.genblk1.dsp input finn_design_i/MVAU_rtl_2/MVAU_rtl_2/inst/inst/blkDsp.genblk2_2.core/genPipes[2].genSIMD[3].genDSP.genblk1.dsp/A[29:0] is not pipelined. Pipelining DSP48 input will improve performance.
Related violations: <none>

DPIP-2#83 Warning
Input pipelining  
DSP finn_design_i/MVAU_rtl_2/MVAU_rtl_2/inst/inst/blkDsp.genblk2_2.core/genPipes[3].genSIMD[0].genDSP.genblk1.dsp input finn_design_i/MVAU_rtl_2/MVAU_rtl_2/inst/inst/blkDsp.genblk2_2.core/genPipes[3].genSIMD[0].genDSP.genblk1.dsp/A[29:0] is not pipelined. Pipelining DSP48 input will improve performance.
Related violations: <none>

DPIP-2#84 Warning
Input pipelining  
DSP finn_design_i/MVAU_rtl_2/MVAU_rtl_2/inst/inst/blkDsp.genblk2_2.core/genPipes[3].genSIMD[1].genDSP.genblk1.dsp input finn_design_i/MVAU_rtl_2/MVAU_rtl_2/inst/inst/blkDsp.genblk2_2.core/genPipes[3].genSIMD[1].genDSP.genblk1.dsp/A[29:0] is not pipelined. Pipelining DSP48 input will improve performance.
Related violations: <none>

DPIP-2#85 Warning
Input pipelining  
DSP finn_design_i/MVAU_rtl_2/MVAU_rtl_2/inst/inst/blkDsp.genblk2_2.core/genPipes[3].genSIMD[2].genDSP.genblk1.dsp input finn_design_i/MVAU_rtl_2/MVAU_rtl_2/inst/inst/blkDsp.genblk2_2.core/genPipes[3].genSIMD[2].genDSP.genblk1.dsp/A[29:0] is not pipelined. Pipelining DSP48 input will improve performance.
Related violations: <none>

DPIP-2#86 Warning
Input pipelining  
DSP finn_design_i/MVAU_rtl_2/MVAU_rtl_2/inst/inst/blkDsp.genblk2_2.core/genPipes[3].genSIMD[3].genDSP.genblk1.dsp input finn_design_i/MVAU_rtl_2/MVAU_rtl_2/inst/inst/blkDsp.genblk2_2.core/genPipes[3].genSIMD[3].genDSP.genblk1.dsp/A[29:0] is not pipelined. Pipelining DSP48 input will improve performance.
Related violations: <none>

DPIP-2#87 Warning
Input pipelining  
DSP finn_design_i/MVAU_rtl_2/MVAU_rtl_2/inst/inst/blkDsp.genblk2_2.core/genPipes[4].genSIMD[0].genDSP.genblk1.dsp input finn_design_i/MVAU_rtl_2/MVAU_rtl_2/inst/inst/blkDsp.genblk2_2.core/genPipes[4].genSIMD[0].genDSP.genblk1.dsp/A[29:0] is not pipelined. Pipelining DSP48 input will improve performance.
Related violations: <none>

DPIP-2#88 Warning
Input pipelining  
DSP finn_design_i/MVAU_rtl_2/MVAU_rtl_2/inst/inst/blkDsp.genblk2_2.core/genPipes[4].genSIMD[1].genDSP.genblk1.dsp input finn_design_i/MVAU_rtl_2/MVAU_rtl_2/inst/inst/blkDsp.genblk2_2.core/genPipes[4].genSIMD[1].genDSP.genblk1.dsp/A[29:0] is not pipelined. Pipelining DSP48 input will improve performance.
Related violations: <none>

DPIP-2#89 Warning
Input pipelining  
DSP finn_design_i/MVAU_rtl_2/MVAU_rtl_2/inst/inst/blkDsp.genblk2_2.core/genPipes[4].genSIMD[2].genDSP.genblk1.dsp input finn_design_i/MVAU_rtl_2/MVAU_rtl_2/inst/inst/blkDsp.genblk2_2.core/genPipes[4].genSIMD[2].genDSP.genblk1.dsp/A[29:0] is not pipelined. Pipelining DSP48 input will improve performance.
Related violations: <none>

DPIP-2#90 Warning
Input pipelining  
DSP finn_design_i/MVAU_rtl_2/MVAU_rtl_2/inst/inst/blkDsp.genblk2_2.core/genPipes[4].genSIMD[3].genDSP.genblk1.dsp input finn_design_i/MVAU_rtl_2/MVAU_rtl_2/inst/inst/blkDsp.genblk2_2.core/genPipes[4].genSIMD[3].genDSP.genblk1.dsp/A[29:0] is not pipelined. Pipelining DSP48 input will improve performance.
Related violations: <none>

DPIP-2#91 Warning
Input pipelining  
DSP finn_design_i/MVAU_rtl_2/MVAU_rtl_2/inst/inst/blkDsp.genblk2_2.core/genPipes[5].genSIMD[0].genDSP.genblk1.dsp input finn_design_i/MVAU_rtl_2/MVAU_rtl_2/inst/inst/blkDsp.genblk2_2.core/genPipes[5].genSIMD[0].genDSP.genblk1.dsp/A[29:0] is not pipelined. Pipelining DSP48 input will improve performance.
Related violations: <none>

DPIP-2#92 Warning
Input pipelining  
DSP finn_design_i/MVAU_rtl_2/MVAU_rtl_2/inst/inst/blkDsp.genblk2_2.core/genPipes[5].genSIMD[1].genDSP.genblk1.dsp input finn_design_i/MVAU_rtl_2/MVAU_rtl_2/inst/inst/blkDsp.genblk2_2.core/genPipes[5].genSIMD[1].genDSP.genblk1.dsp/A[29:0] is not pipelined. Pipelining DSP48 input will improve performance.
Related violations: <none>

DPIP-2#93 Warning
Input pipelining  
DSP finn_design_i/MVAU_rtl_2/MVAU_rtl_2/inst/inst/blkDsp.genblk2_2.core/genPipes[5].genSIMD[2].genDSP.genblk1.dsp input finn_design_i/MVAU_rtl_2/MVAU_rtl_2/inst/inst/blkDsp.genblk2_2.core/genPipes[5].genSIMD[2].genDSP.genblk1.dsp/A[29:0] is not pipelined. Pipelining DSP48 input will improve performance.
Related violations: <none>

DPIP-2#94 Warning
Input pipelining  
DSP finn_design_i/MVAU_rtl_2/MVAU_rtl_2/inst/inst/blkDsp.genblk2_2.core/genPipes[5].genSIMD[3].genDSP.genblk1.dsp input finn_design_i/MVAU_rtl_2/MVAU_rtl_2/inst/inst/blkDsp.genblk2_2.core/genPipes[5].genSIMD[3].genDSP.genblk1.dsp/A[29:0] is not pipelined. Pipelining DSP48 input will improve performance.
Related violations: <none>

DPIP-2#95 Warning
Input pipelining  
DSP finn_design_i/MVAU_rtl_2/MVAU_rtl_2/inst/inst/blkDsp.genblk2_2.core/genPipes[6].genSIMD[0].genDSP.genblk1.dsp input finn_design_i/MVAU_rtl_2/MVAU_rtl_2/inst/inst/blkDsp.genblk2_2.core/genPipes[6].genSIMD[0].genDSP.genblk1.dsp/A[29:0] is not pipelined. Pipelining DSP48 input will improve performance.
Related violations: <none>

DPIP-2#96 Warning
Input pipelining  
DSP finn_design_i/MVAU_rtl_2/MVAU_rtl_2/inst/inst/blkDsp.genblk2_2.core/genPipes[6].genSIMD[1].genDSP.genblk1.dsp input finn_design_i/MVAU_rtl_2/MVAU_rtl_2/inst/inst/blkDsp.genblk2_2.core/genPipes[6].genSIMD[1].genDSP.genblk1.dsp/A[29:0] is not pipelined. Pipelining DSP48 input will improve performance.
Related violations: <none>

DPIP-2#97 Warning
Input pipelining  
DSP finn_design_i/MVAU_rtl_2/MVAU_rtl_2/inst/inst/blkDsp.genblk2_2.core/genPipes[6].genSIMD[2].genDSP.genblk1.dsp input finn_design_i/MVAU_rtl_2/MVAU_rtl_2/inst/inst/blkDsp.genblk2_2.core/genPipes[6].genSIMD[2].genDSP.genblk1.dsp/A[29:0] is not pipelined. Pipelining DSP48 input will improve performance.
Related violations: <none>

DPIP-2#98 Warning
Input pipelining  
DSP finn_design_i/MVAU_rtl_2/MVAU_rtl_2/inst/inst/blkDsp.genblk2_2.core/genPipes[6].genSIMD[3].genDSP.genblk1.dsp input finn_design_i/MVAU_rtl_2/MVAU_rtl_2/inst/inst/blkDsp.genblk2_2.core/genPipes[6].genSIMD[3].genDSP.genblk1.dsp/A[29:0] is not pipelined. Pipelining DSP48 input will improve performance.
Related violations: <none>

DPIP-2#99 Warning
Input pipelining  
DSP finn_design_i/MVAU_rtl_2/MVAU_rtl_2/inst/inst/blkDsp.genblk2_2.core/genPipes[7].genSIMD[0].genDSP.genblk1.dsp input finn_design_i/MVAU_rtl_2/MVAU_rtl_2/inst/inst/blkDsp.genblk2_2.core/genPipes[7].genSIMD[0].genDSP.genblk1.dsp/A[29:0] is not pipelined. Pipelining DSP48 input will improve performance.
Related violations: <none>

DPIP-2#100 Warning
Input pipelining  
DSP finn_design_i/MVAU_rtl_2/MVAU_rtl_2/inst/inst/blkDsp.genblk2_2.core/genPipes[7].genSIMD[1].genDSP.genblk1.dsp input finn_design_i/MVAU_rtl_2/MVAU_rtl_2/inst/inst/blkDsp.genblk2_2.core/genPipes[7].genSIMD[1].genDSP.genblk1.dsp/A[29:0] is not pipelined. Pipelining DSP48 input will improve performance.
Related violations: <none>

DPIP-2#101 Warning
Input pipelining  
DSP finn_design_i/MVAU_rtl_2/MVAU_rtl_2/inst/inst/blkDsp.genblk2_2.core/genPipes[7].genSIMD[2].genDSP.genblk1.dsp input finn_design_i/MVAU_rtl_2/MVAU_rtl_2/inst/inst/blkDsp.genblk2_2.core/genPipes[7].genSIMD[2].genDSP.genblk1.dsp/A[29:0] is not pipelined. Pipelining DSP48 input will improve performance.
Related violations: <none>

DPIP-2#102 Warning
Input pipelining  
DSP finn_design_i/MVAU_rtl_2/MVAU_rtl_2/inst/inst/blkDsp.genblk2_2.core/genPipes[7].genSIMD[3].genDSP.genblk1.dsp input finn_design_i/MVAU_rtl_2/MVAU_rtl_2/inst/inst/blkDsp.genblk2_2.core/genPipes[7].genSIMD[3].genDSP.genblk1.dsp/A[29:0] is not pipelined. Pipelining DSP48 input will improve performance.
Related violations: <none>

DPIP-2#103 Warning
Input pipelining  
DSP finn_design_i/MVAU_rtl_3/MVAU_rtl_3/inst/inst/blkDsp.genblk2_2.core/genPipes[0].genSIMD[0].genDSP.genblk1.dsp input finn_design_i/MVAU_rtl_3/MVAU_rtl_3/inst/inst/blkDsp.genblk2_2.core/genPipes[0].genSIMD[0].genDSP.genblk1.dsp/A[29:0] is not pipelined. Pipelining DSP48 input will improve performance.
Related violations: <none>

DPIP-2#104 Warning
Input pipelining  
DSP finn_design_i/MVAU_rtl_3/MVAU_rtl_3/inst/inst/blkDsp.genblk2_2.core/genPipes[0].genSIMD[1].genDSP.genblk1.dsp input finn_design_i/MVAU_rtl_3/MVAU_rtl_3/inst/inst/blkDsp.genblk2_2.core/genPipes[0].genSIMD[1].genDSP.genblk1.dsp/A[29:0] is not pipelined. Pipelining DSP48 input will improve performance.
Related violations: <none>

DPIP-2#105 Warning
Input pipelining  
DSP finn_design_i/MVAU_rtl_3/MVAU_rtl_3/inst/inst/blkDsp.genblk2_2.core/genPipes[0].genSIMD[2].genDSP.genblk1.dsp input finn_design_i/MVAU_rtl_3/MVAU_rtl_3/inst/inst/blkDsp.genblk2_2.core/genPipes[0].genSIMD[2].genDSP.genblk1.dsp/A[29:0] is not pipelined. Pipelining DSP48 input will improve performance.
Related violations: <none>

DPIP-2#106 Warning
Input pipelining  
DSP finn_design_i/MVAU_rtl_3/MVAU_rtl_3/inst/inst/blkDsp.genblk2_2.core/genPipes[0].genSIMD[3].genDSP.genblk1.dsp input finn_design_i/MVAU_rtl_3/MVAU_rtl_3/inst/inst/blkDsp.genblk2_2.core/genPipes[0].genSIMD[3].genDSP.genblk1.dsp/A[29:0] is not pipelined. Pipelining DSP48 input will improve performance.
Related violations: <none>

DPIP-2#107 Warning
Input pipelining  
DSP finn_design_i/MVAU_rtl_3/MVAU_rtl_3/inst/inst/blkDsp.genblk2_2.core/genPipes[1].genSIMD[0].genDSP.genblk1.dsp input finn_design_i/MVAU_rtl_3/MVAU_rtl_3/inst/inst/blkDsp.genblk2_2.core/genPipes[1].genSIMD[0].genDSP.genblk1.dsp/A[29:0] is not pipelined. Pipelining DSP48 input will improve performance.
Related violations: <none>

DPIP-2#108 Warning
Input pipelining  
DSP finn_design_i/MVAU_rtl_3/MVAU_rtl_3/inst/inst/blkDsp.genblk2_2.core/genPipes[1].genSIMD[1].genDSP.genblk1.dsp input finn_design_i/MVAU_rtl_3/MVAU_rtl_3/inst/inst/blkDsp.genblk2_2.core/genPipes[1].genSIMD[1].genDSP.genblk1.dsp/A[29:0] is not pipelined. Pipelining DSP48 input will improve performance.
Related violations: <none>

DPIP-2#109 Warning
Input pipelining  
DSP finn_design_i/MVAU_rtl_3/MVAU_rtl_3/inst/inst/blkDsp.genblk2_2.core/genPipes[1].genSIMD[2].genDSP.genblk1.dsp input finn_design_i/MVAU_rtl_3/MVAU_rtl_3/inst/inst/blkDsp.genblk2_2.core/genPipes[1].genSIMD[2].genDSP.genblk1.dsp/A[29:0] is not pipelined. Pipelining DSP48 input will improve performance.
Related violations: <none>

DPIP-2#110 Warning
Input pipelining  
DSP finn_design_i/MVAU_rtl_3/MVAU_rtl_3/inst/inst/blkDsp.genblk2_2.core/genPipes[1].genSIMD[3].genDSP.genblk1.dsp input finn_design_i/MVAU_rtl_3/MVAU_rtl_3/inst/inst/blkDsp.genblk2_2.core/genPipes[1].genSIMD[3].genDSP.genblk1.dsp/A[29:0] is not pipelined. Pipelining DSP48 input will improve performance.
Related violations: <none>

DPIP-2#111 Warning
Input pipelining  
DSP finn_design_i/MVAU_rtl_3/MVAU_rtl_3/inst/inst/blkDsp.genblk2_2.core/genPipes[2].genSIMD[0].genDSP.genblk1.dsp input finn_design_i/MVAU_rtl_3/MVAU_rtl_3/inst/inst/blkDsp.genblk2_2.core/genPipes[2].genSIMD[0].genDSP.genblk1.dsp/A[29:0] is not pipelined. Pipelining DSP48 input will improve performance.
Related violations: <none>

DPIP-2#112 Warning
Input pipelining  
DSP finn_design_i/MVAU_rtl_3/MVAU_rtl_3/inst/inst/blkDsp.genblk2_2.core/genPipes[2].genSIMD[1].genDSP.genblk1.dsp input finn_design_i/MVAU_rtl_3/MVAU_rtl_3/inst/inst/blkDsp.genblk2_2.core/genPipes[2].genSIMD[1].genDSP.genblk1.dsp/A[29:0] is not pipelined. Pipelining DSP48 input will improve performance.
Related violations: <none>

DPIP-2#113 Warning
Input pipelining  
DSP finn_design_i/MVAU_rtl_3/MVAU_rtl_3/inst/inst/blkDsp.genblk2_2.core/genPipes[2].genSIMD[2].genDSP.genblk1.dsp input finn_design_i/MVAU_rtl_3/MVAU_rtl_3/inst/inst/blkDsp.genblk2_2.core/genPipes[2].genSIMD[2].genDSP.genblk1.dsp/A[29:0] is not pipelined. Pipelining DSP48 input will improve performance.
Related violations: <none>

DPIP-2#114 Warning
Input pipelining  
DSP finn_design_i/MVAU_rtl_3/MVAU_rtl_3/inst/inst/blkDsp.genblk2_2.core/genPipes[2].genSIMD[3].genDSP.genblk1.dsp input finn_design_i/MVAU_rtl_3/MVAU_rtl_3/inst/inst/blkDsp.genblk2_2.core/genPipes[2].genSIMD[3].genDSP.genblk1.dsp/A[29:0] is not pipelined. Pipelining DSP48 input will improve performance.
Related violations: <none>

DPIP-2#115 Warning
Input pipelining  
DSP finn_design_i/MVAU_rtl_3/MVAU_rtl_3/inst/inst/blkDsp.genblk2_2.core/genPipes[3].genSIMD[0].genDSP.genblk1.dsp input finn_design_i/MVAU_rtl_3/MVAU_rtl_3/inst/inst/blkDsp.genblk2_2.core/genPipes[3].genSIMD[0].genDSP.genblk1.dsp/A[29:0] is not pipelined. Pipelining DSP48 input will improve performance.
Related violations: <none>

DPIP-2#116 Warning
Input pipelining  
DSP finn_design_i/MVAU_rtl_3/MVAU_rtl_3/inst/inst/blkDsp.genblk2_2.core/genPipes[3].genSIMD[1].genDSP.genblk1.dsp input finn_design_i/MVAU_rtl_3/MVAU_rtl_3/inst/inst/blkDsp.genblk2_2.core/genPipes[3].genSIMD[1].genDSP.genblk1.dsp/A[29:0] is not pipelined. Pipelining DSP48 input will improve performance.
Related violations: <none>

DPIP-2#117 Warning
Input pipelining  
DSP finn_design_i/MVAU_rtl_3/MVAU_rtl_3/inst/inst/blkDsp.genblk2_2.core/genPipes[3].genSIMD[2].genDSP.genblk1.dsp input finn_design_i/MVAU_rtl_3/MVAU_rtl_3/inst/inst/blkDsp.genblk2_2.core/genPipes[3].genSIMD[2].genDSP.genblk1.dsp/A[29:0] is not pipelined. Pipelining DSP48 input will improve performance.
Related violations: <none>

DPIP-2#118 Warning
Input pipelining  
DSP finn_design_i/MVAU_rtl_3/MVAU_rtl_3/inst/inst/blkDsp.genblk2_2.core/genPipes[3].genSIMD[3].genDSP.genblk1.dsp input finn_design_i/MVAU_rtl_3/MVAU_rtl_3/inst/inst/blkDsp.genblk2_2.core/genPipes[3].genSIMD[3].genDSP.genblk1.dsp/A[29:0] is not pipelined. Pipelining DSP48 input will improve performance.
Related violations: <none>

DPIP-2#119 Warning
Input pipelining  
DSP finn_design_i/MVAU_rtl_4/MVAU_rtl_4/inst/inst/blkDsp.genblk2_2.core/genPipes[0].genSIMD[0].genDSP.genblk1.dsp input finn_design_i/MVAU_rtl_4/MVAU_rtl_4/inst/inst/blkDsp.genblk2_2.core/genPipes[0].genSIMD[0].genDSP.genblk1.dsp/A[29:0] is not pipelined. Pipelining DSP48 input will improve performance.
Related violations: <none>

DPIP-2#120 Warning
Input pipelining  
DSP finn_design_i/MVAU_rtl_4/MVAU_rtl_4/inst/inst/blkDsp.genblk2_2.core/genPipes[0].genSIMD[1].genDSP.genblk1.dsp input finn_design_i/MVAU_rtl_4/MVAU_rtl_4/inst/inst/blkDsp.genblk2_2.core/genPipes[0].genSIMD[1].genDSP.genblk1.dsp/A[29:0] is not pipelined. Pipelining DSP48 input will improve performance.
Related violations: <none>

DPIP-2#121 Warning
Input pipelining  
DSP finn_design_i/MVAU_rtl_4/MVAU_rtl_4/inst/inst/blkDsp.genblk2_2.core/genPipes[0].genSIMD[2].genDSP.genblk1.dsp input finn_design_i/MVAU_rtl_4/MVAU_rtl_4/inst/inst/blkDsp.genblk2_2.core/genPipes[0].genSIMD[2].genDSP.genblk1.dsp/A[29:0] is not pipelined. Pipelining DSP48 input will improve performance.
Related violations: <none>

DPIP-2#122 Warning
Input pipelining  
DSP finn_design_i/MVAU_rtl_4/MVAU_rtl_4/inst/inst/blkDsp.genblk2_2.core/genPipes[0].genSIMD[3].genDSP.genblk1.dsp input finn_design_i/MVAU_rtl_4/MVAU_rtl_4/inst/inst/blkDsp.genblk2_2.core/genPipes[0].genSIMD[3].genDSP.genblk1.dsp/A[29:0] is not pipelined. Pipelining DSP48 input will improve performance.
Related violations: <none>

DPIP-2#123 Warning
Input pipelining  
DSP finn_design_i/MVAU_rtl_4/MVAU_rtl_4/inst/inst/blkDsp.genblk2_2.core/genPipes[1].genSIMD[0].genDSP.genblk1.dsp input finn_design_i/MVAU_rtl_4/MVAU_rtl_4/inst/inst/blkDsp.genblk2_2.core/genPipes[1].genSIMD[0].genDSP.genblk1.dsp/A[29:0] is not pipelined. Pipelining DSP48 input will improve performance.
Related violations: <none>

DPIP-2#124 Warning
Input pipelining  
DSP finn_design_i/MVAU_rtl_4/MVAU_rtl_4/inst/inst/blkDsp.genblk2_2.core/genPipes[1].genSIMD[1].genDSP.genblk1.dsp input finn_design_i/MVAU_rtl_4/MVAU_rtl_4/inst/inst/blkDsp.genblk2_2.core/genPipes[1].genSIMD[1].genDSP.genblk1.dsp/A[29:0] is not pipelined. Pipelining DSP48 input will improve performance.
Related violations: <none>

DPIP-2#125 Warning
Input pipelining  
DSP finn_design_i/MVAU_rtl_4/MVAU_rtl_4/inst/inst/blkDsp.genblk2_2.core/genPipes[1].genSIMD[2].genDSP.genblk1.dsp input finn_design_i/MVAU_rtl_4/MVAU_rtl_4/inst/inst/blkDsp.genblk2_2.core/genPipes[1].genSIMD[2].genDSP.genblk1.dsp/A[29:0] is not pipelined. Pipelining DSP48 input will improve performance.
Related violations: <none>

DPIP-2#126 Warning
Input pipelining  
DSP finn_design_i/MVAU_rtl_4/MVAU_rtl_4/inst/inst/blkDsp.genblk2_2.core/genPipes[1].genSIMD[3].genDSP.genblk1.dsp input finn_design_i/MVAU_rtl_4/MVAU_rtl_4/inst/inst/blkDsp.genblk2_2.core/genPipes[1].genSIMD[3].genDSP.genblk1.dsp/A[29:0] is not pipelined. Pipelining DSP48 input will improve performance.
Related violations: <none>

DPIP-2#127 Warning
Input pipelining  
DSP finn_design_i/MVAU_rtl_5/MVAU_rtl_5/inst/inst/blkDsp.genblk2_2.core/genPipes[0].genSIMD[0].genDSP.genblk1.dsp input finn_design_i/MVAU_rtl_5/MVAU_rtl_5/inst/inst/blkDsp.genblk2_2.core/genPipes[0].genSIMD[0].genDSP.genblk1.dsp/A[29:0] is not pipelined. Pipelining DSP48 input will improve performance.
Related violations: <none>

DPIP-2#128 Warning
Input pipelining  
DSP finn_design_i/MVAU_rtl_5/MVAU_rtl_5/inst/inst/blkDsp.genblk2_2.core/genPipes[0].genSIMD[1].genDSP.genblk1.dsp input finn_design_i/MVAU_rtl_5/MVAU_rtl_5/inst/inst/blkDsp.genblk2_2.core/genPipes[0].genSIMD[1].genDSP.genblk1.dsp/A[29:0] is not pipelined. Pipelining DSP48 input will improve performance.
Related violations: <none>

DPIP-2#129 Warning
Input pipelining  
DSP finn_design_i/MVAU_rtl_5/MVAU_rtl_5/inst/inst/blkDsp.genblk2_2.core/genPipes[0].genSIMD[2].genDSP.genblk1.dsp input finn_design_i/MVAU_rtl_5/MVAU_rtl_5/inst/inst/blkDsp.genblk2_2.core/genPipes[0].genSIMD[2].genDSP.genblk1.dsp/A[29:0] is not pipelined. Pipelining DSP48 input will improve performance.
Related violations: <none>

DPIP-2#130 Warning
Input pipelining  
DSP finn_design_i/MVAU_rtl_5/MVAU_rtl_5/inst/inst/blkDsp.genblk2_2.core/genPipes[0].genSIMD[3].genDSP.genblk1.dsp input finn_design_i/MVAU_rtl_5/MVAU_rtl_5/inst/inst/blkDsp.genblk2_2.core/genPipes[0].genSIMD[3].genDSP.genblk1.dsp/A[29:0] is not pipelined. Pipelining DSP48 input will improve performance.
Related violations: <none>

DPIP-2#131 Warning
Input pipelining  
DSP finn_design_i/MVAU_rtl_5/MVAU_rtl_5/inst/inst/blkDsp.genblk2_2.core/genPipes[0].genSIMD[4].genDSP.genblk1.dsp input finn_design_i/MVAU_rtl_5/MVAU_rtl_5/inst/inst/blkDsp.genblk2_2.core/genPipes[0].genSIMD[4].genDSP.genblk1.dsp/A[29:0] is not pipelined. Pipelining DSP48 input will improve performance.
Related violations: <none>

DPIP-2#132 Warning
Input pipelining  
DSP finn_design_i/MVAU_rtl_5/MVAU_rtl_5/inst/inst/blkDsp.genblk2_2.core/genPipes[0].genSIMD[5].genDSP.genblk1.dsp input finn_design_i/MVAU_rtl_5/MVAU_rtl_5/inst/inst/blkDsp.genblk2_2.core/genPipes[0].genSIMD[5].genDSP.genblk1.dsp/A[29:0] is not pipelined. Pipelining DSP48 input will improve performance.
Related violations: <none>

DPIP-2#133 Warning
Input pipelining  
DSP finn_design_i/MVAU_rtl_6/MVAU_rtl_6/inst/inst/blkDsp.genblk2_2.core/genPipes[0].genSIMD[0].genDSP.genblk1.dsp input finn_design_i/MVAU_rtl_6/MVAU_rtl_6/inst/inst/blkDsp.genblk2_2.core/genPipes[0].genSIMD[0].genDSP.genblk1.dsp/A[29:0] is not pipelined. Pipelining DSP48 input will improve performance.
Related violations: <none>

DPIP-2#134 Warning
Input pipelining  
DSP finn_design_i/MVAU_rtl_6/MVAU_rtl_6/inst/inst/blkDsp.genblk2_2.core/genPipes[0].genSIMD[1].genDSP.genblk1.dsp input finn_design_i/MVAU_rtl_6/MVAU_rtl_6/inst/inst/blkDsp.genblk2_2.core/genPipes[0].genSIMD[1].genDSP.genblk1.dsp/A[29:0] is not pipelined. Pipelining DSP48 input will improve performance.
Related violations: <none>

DPIP-2#135 Warning
Input pipelining  
DSP finn_design_i/MVAU_rtl_6/MVAU_rtl_6/inst/inst/blkDsp.genblk2_2.core/genPipes[0].genSIMD[2].genDSP.genblk1.dsp input finn_design_i/MVAU_rtl_6/MVAU_rtl_6/inst/inst/blkDsp.genblk2_2.core/genPipes[0].genSIMD[2].genDSP.genblk1.dsp/A[29:0] is not pipelined. Pipelining DSP48 input will improve performance.
Related violations: <none>

DPIP-2#136 Warning
Input pipelining  
DSP finn_design_i/MVAU_rtl_7/MVAU_rtl_7/inst/inst/blkDsp.genblk2_2.core/genPipes[0].genSIMD[0].genDSP.genblk1.dsp input finn_design_i/MVAU_rtl_7/MVAU_rtl_7/inst/inst/blkDsp.genblk2_2.core/genPipes[0].genSIMD[0].genDSP.genblk1.dsp/A[29:0] is not pipelined. Pipelining DSP48 input will improve performance.
Related violations: <none>

DPIP-2#137 Warning
Input pipelining  
DSP finn_design_i/MVAU_rtl_8/MVAU_rtl_8/inst/inst/blkDsp.genblk2_2.core/genPipes[0].genSIMD[0].genDSP.genblk1.dsp input finn_design_i/MVAU_rtl_8/MVAU_rtl_8/inst/inst/blkDsp.genblk2_2.core/genPipes[0].genSIMD[0].genDSP.genblk1.dsp/A[29:0] is not pipelined. Pipelining DSP48 input will improve performance.
Related violations: <none>

DPIP-2#138 Warning
Input pipelining  
DSP finn_design_i/MVAU_rtl_9/MVAU_rtl_9/inst/inst/blkDsp.genblk2_2.core/genPipes[0].genSIMD[0].genDSP.genblk1.dsp input finn_design_i/MVAU_rtl_9/MVAU_rtl_9/inst/inst/blkDsp.genblk2_2.core/genPipes[0].genSIMD[0].genDSP.genblk1.dsp/A[29:0] is not pipelined. Pipelining DSP48 input will improve performance.
Related violations: <none>


